0 info it worked if it ends with ok
1 verbose cli [ 'C:\\Program Files (x86)\\nodejs\\\\node.exe',
1 verbose cli   'C:\\Program Files (x86)\\nodejs\\node_modules\\npm\\bin\\npm-cli.js',
1 verbose cli   'install',
1 verbose cli   'bootstap-sass' ]
2 info using npm@1.3.2
3 info using node@v0.10.13
4 verbose node symlink C:\Program Files (x86)\nodejs\\node.exe
5 verbose cache add [ 'bootstap-sass', null ]
6 verbose cache add name=undefined spec="bootstap-sass" args=["bootstap-sass",null]
7 verbose parsed url { protocol: null,
7 verbose parsed url   slashes: null,
7 verbose parsed url   auth: null,
7 verbose parsed url   host: null,
7 verbose parsed url   port: null,
7 verbose parsed url   hostname: null,
7 verbose parsed url   hash: null,
7 verbose parsed url   search: null,
7 verbose parsed url   query: null,
7 verbose parsed url   pathname: 'bootstap-sass',
7 verbose parsed url   path: 'bootstap-sass',
7 verbose parsed url   href: 'bootstap-sass' }
8 silly lockFile 91a77fd0-bootstap-sass bootstap-sass
9 verbose lock bootstap-sass C:\Users\Kamran\AppData\Roaming\npm-cache\91a77fd0-bootstap-sass.lock
10 silly lockFile 91a77fd0-bootstap-sass bootstap-sass
11 silly lockFile 91a77fd0-bootstap-sass bootstap-sass
12 verbose addNamed [ 'bootstap-sass', '' ]
13 verbose addNamed [ null, '*' ]
14 silly lockFile 6d6bf63b-bootstap-sass bootstap-sass@
15 verbose lock bootstap-sass@ C:\Users\Kamran\AppData\Roaming\npm-cache\6d6bf63b-bootstap-sass.lock
16 silly addNameRange { name: 'bootstap-sass', range: '*', hasData: false }
17 verbose url raw bootstap-sass
18 verbose url resolving [ 'https://registry.npmjs.org/', './bootstap-sass' ]
19 verbose url resolved https://registry.npmjs.org/bootstap-sass
20 info trying registry request attempt 1 at 18:12:02
21 http GET https://registry.npmjs.org/bootstap-sass
22 http 404 https://registry.npmjs.org/bootstap-sass
23 silly registry.get cb [ 404,
23 silly registry.get   { 'content-type': 'application/json',
23 silly registry.get     'cache-control': 'max-age=0',
23 silly registry.get     'content-length': '2',
23 silly registry.get     'accept-ranges': 'bytes',
23 silly registry.get     date: 'Thu, 24 Dec 2015 14:12:00 GMT',
23 silly registry.get     via: '1.1 varnish',
23 silly registry.get     age: '0',
23 silly registry.get     connection: 'keep-alive',
23 silly registry.get     'x-served-by': 'cache-fra1247-FRA',
23 silly registry.get     'x-cache': 'MISS',
23 silly registry.get     'x-cache-hits': '0',
23 silly registry.get     'x-timer': 'S1450966319.923869,VS0,VE103' } ]
24 silly addNameRange number 2 { name: 'bootstap-sass', range: '*', hasData: true }
25 silly addNameRange versions [ undefined, [] ]
26 error TypeError: Cannot read property 'latest' of undefined
26 error     at next (C:\Program Files (x86)\nodejs\node_modules\npm\lib\cache.js:687:35)
26 error     at C:\Program Files (x86)\nodejs\node_modules\npm\lib\cache.js:675:5
26 error     at saved (C:\Program Files (x86)\nodejs\node_modules\npm\node_modules\npm-registry-client\lib\get.js:142:7)
26 error     at Object.oncomplete (fs.js:107:15)
27 error If you need help, you may report this log at:
27 error     <http://github.com/isaacs/npm/issues>
27 error or email it to:
27 error     <npm-@googlegroups.com>
28 error System Windows_NT 6.2.9200
29 error command "C:\\Program Files (x86)\\nodejs\\\\node.exe" "C:\\Program Files (x86)\\nodejs\\node_modules\\npm\\bin\\npm-cli.js" "install" "bootstap-sass"
30 error cwd C:\xampp\htdocs\365.t4
31 error node -v v0.10.13
32 error npm -v 1.3.2
33 error type non_object_property_load
34 verbose exit [ 1, true ]
